# JRE version: OpenJDK Runtime Environment (8.0_282) (build 1.8.0_282-bre_2021_01_20_16_06-b00)
# Java VM: OpenJDK 64-Bit Server VM (25.282-b00 mixed mode bsd-amd64 compressed oops)
Heap:
 PSYoungGen      total 281088K, used 41283K [0x000000076ab00000, 0x000000077f080000, 0x00000007c0000000)
  eden space 262144K, 8% used [0x000000076ab00000,0x000000076c0d7410,0x000000077ab00000)
  from space 18944K, 99% used [0x000000077c280000,0x000000077d4f9a38,0x000000077d500000)
  to   space 24064K, 0% used [0x000000077ab00000,0x000000077ab00000,0x000000077c280000)
 ParOldGen       total 218112K, used 23022K [0x00000006c0000000, 0x00000006cd500000, 0x000000076ab00000)
  object space 218112K, 10% used [0x00000006c0000000,0x00000006c167b970,0x00000006cd500000)
 Metaspace       used 72709K, capacity 78536K, committed 78680K, reserved 1116160K
  class space    used 10478K, capacity 11559K, committed 11648K, reserved 1048576K
GC Heap History (10 events):
Event: 1.468 GC heap before
{Heap before GC invocations=5 (full 2):
 PSYoungGen      total 141824K, used 10727K [0x000000076ab00000, 0x0000000778900000, 0x00000007c0000000)
  eden space 131072K, 0% used [0x000000076ab00000,0x000000076ab00000,0x0000000772b00000)
  from space 10752K, 99% used [0x0000000772b00000,0x0000000773579ef0,0x0000000773580000)
  to   space 10752K, 0% used [0x0000000777e80000,0x0000000777e80000,0x0000000778900000)
 ParOldGen       total 100864K, used 8097K [0x00000006c0000000, 0x00000006c6280000, 0x000000076ab00000)
  object space 100864K, 8% used [0x00000006c0000000,0x00000006c07e8758,0x00000006c6280000)
 Metaspace       used 34108K, capacity 35292K, committed 35416K, reserved 1079296K
  class space    used 4393K, capacity 4675K, committed 4736K, reserved 1048576K
Event: 1.489 GC heap after
Heap after GC invocations=5 (full 2):
 PSYoungGen      total 141824K, used 0K [0x000000076ab00000, 0x0000000778900000, 0x00000007c0000000)
  eden space 131072K, 0% used [0x000000076ab00000,0x000000076ab00000,0x0000000772b00000)
  from space 10752K, 0% used [0x0000000772b00000,0x0000000772b00000,0x0000000773580000)
  to   space 10752K, 0% used [0x0000000777e80000,0x0000000777e80000,0x0000000778900000)
 ParOldGen       total 161792K, used 16744K [0x00000006c0000000, 0x00000006c9e00000, 0x000000076ab00000)
  object space 161792K, 10% used [0x00000006c0000000,0x00000006c105a1c0,0x00000006c9e00000)
 Metaspace       used 34108K, capacity 35292K, committed 35416K, reserved 1079296K
  class space    used 4393K, capacity 4675K, committed 4736K, reserved 1048576K
}
Event: 2.673 GC heap before
{Heap before GC invocations=6 (full 2):
 PSYoungGen      total 141824K, used 131072K [0x000000076ab00000, 0x0000000778900000, 0x00000007c0000000)
  eden space 131072K, 100% used [0x000000076ab00000,0x0000000772b00000,0x0000000772b00000)
  from space 10752K, 0% used [0x0000000772b00000,0x0000000772b00000,0x0000000773580000)
  to   space 10752K, 0% used [0x0000000777e80000,0x0000000777e80000,0x0000000778900000)
 ParOldGen       total 161792K, used 16744K [0x00000006c0000000, 0x00000006c9e00000, 0x000000076ab00000)
  object space 161792K, 10% used [0x00000006c0000000,0x00000006c105a1c0,0x00000006c9e00000)
 Metaspace       used 48118K, capacity 50482K, committed 50776K, reserved 1093632K
  class space    used 6669K, capacity 7212K, committed 7296K, reserved 1048576K
Event: 2.684 GC heap after
Heap after GC invocations=6 (full 2):
 PSYoungGen      total 198656K, used 10742K [0x000000076ab00000, 0x0000000778900000, 0x00000007c0000000)
  eden space 187904K, 0% used [0x000000076ab00000,0x000000076ab00000,0x0000000776280000)
  from space 10752K, 99% used [0x0000000777e80000,0x00000007788fd970,0x0000000778900000)
  to   space 10752K, 0% used [0x0000000777400000,0x0000000777400000,0x0000000777e80000)
 ParOldGen       total 161792K, used 21531K [0x00000006c0000000, 0x00000006c9e00000, 0x000000076ab00000)
  object space 161792K, 13% used [0x00000006c0000000,0x00000006c1506d38,0x00000006c9e00000)
 Metaspace       used 48118K, capacity 50482K, committed 50776K, reserved 1093632K
  class space    used 6669K, capacity 7212K, committed 7296K, reserved 1048576K
}
Event: 3.222 GC heap before
{Heap before GC invocations=7 (full 2):
 PSYoungGen      total 198656K, used 65143K [0x000000076ab00000, 0x0000000778900000, 0x00000007c0000000)
  eden space 187904K, 28% used [0x000000076ab00000,0x000000076e0205b0,0x0000000776280000)
  from space 10752K, 99% used [0x0000000777e80000,0x00000007788fd970,0x0000000778900000)
  to   space 10752K, 0% used [0x0000000777400000,0x0000000777400000,0x0000000777e80000)
 ParOldGen       total 161792K, used 21531K [0x00000006c0000000, 0x00000006c9e00000, 0x000000076ab00000)
  object space 161792K, 13% used [0x00000006c0000000,0x00000006c1506d38,0x00000006c9e00000)
 Metaspace       used 56030K, capacity 58788K, committed 58968K, reserved 1099776K
  class space    used 7856K, capacity 8505K, committed 8576K, reserved 1048576K
Event: 3.231 GC heap after
Heap after GC invocations=7 (full 2):
 PSYoungGen      total 216576K, used 10733K [0x000000076ab00000, 0x000000077d500000, 0x00000007c0000000)
  eden space 205824K, 0% used [0x000000076ab00000,0x000000076ab00000,0x0000000777400000)
  from space 10752K, 99% used [0x0000000777400000,0x0000000777e7b548,0x0000000777e80000)
  to   space 18944K, 0% used [0x000000077c280000,0x000000077c280000,0x000000077d500000)
 ParOldGen       total 161792K, used 24093K [0x00000006c0000000, 0x00000006c9e00000, 0x000000076ab00000)
  object space 161792K, 14% used [0x00000006c0000000,0x00000006c1787410,0x00000006c9e00000)
 Metaspace       used 56030K, capacity 58788K, committed 58968K, reserved 1099776K
  class space    used 7856K, capacity 8505K, committed 8576K, reserved 1048576K
}
Event: 3.231 GC heap before
{Heap before GC invocations=8 (full 3):
 PSYoungGen      total 216576K, used 10733K [0x000000076ab00000, 0x000000077d500000, 0x00000007c0000000)
  eden space 205824K, 0% used [0x000000076ab00000,0x000000076ab00000,0x0000000777400000)
  from space 10752K, 99% used [0x0000000777400000,0x0000000777e7b548,0x0000000777e80000)
  to   space 18944K, 0% used [0x000000077c280000,0x000000077c280000,0x000000077d500000)
 ParOldGen       total 161792K, used 24093K [0x00000006c0000000, 0x00000006c9e00000, 0x000000076ab00000)
  object space 161792K, 14% used [0x00000006c0000000,0x00000006c1787410,0x00000006c9e00000)
 Metaspace       used 56030K, capacity 58788K, committed 58968K, reserved 1099776K
  class space    used 7856K, capacity 8505K, committed 8576K, reserved 1048576K
Event: 3.297 GC heap after
Heap after GC invocations=8 (full 3):
 PSYoungGen      total 216576K, used 0K [0x000000076ab00000, 0x000000077d500000, 0x00000007c0000000)
  eden space 205824K, 0% used [0x000000076ab00000,0x000000076ab00000,0x0000000777400000)
  from space 10752K, 0% used [0x0000000777400000,0x0000000777400000,0x0000000777e80000)
  to   space 18944K, 0% used [0x000000077c280000,0x000000077c280000,0x000000077d500000)
 ParOldGen       total 218112K, used 19328K [0x00000006c0000000, 0x00000006cd500000, 0x000000076ab00000)
  object space 218112K, 8% used [0x00000006c0000000,0x00000006c12e00c8,0x00000006cd500000)
 Metaspace       used 55947K, capacity 58648K, committed 58968K, reserved 1099776K
  class space    used 7846K, capacity 8469K, committed 8576K, reserved 1048576K
}
Event: 4.292 GC heap before
{Heap before GC invocations=9 (full 3):
 PSYoungGen      total 216576K, used 205824K [0x000000076ab00000, 0x000000077d500000, 0x00000007c0000000)
  eden space 205824K, 100% used [0x000000076ab00000,0x0000000777400000,0x0000000777400000)
  from space 10752K, 0% used [0x0000000777400000,0x0000000777400000,0x0000000777e80000)
  to   space 18944K, 0% used [0x000000077c280000,0x000000077c280000,0x000000077d500000)
 ParOldGen       total 218112K, used 19328K [0x00000006c0000000, 0x00000006cd500000, 0x000000076ab00000)
  object space 218112K, 8% used [0x00000006c0000000,0x00000006c12e00c8,0x00000006cd500000)
 Metaspace       used 72126K, capacity 77778K, committed 78040K, reserved 1116160K
  class space    used 10391K, capacity 11442K, committed 11520K, reserved 1048576K
Event: 4.311 GC heap after
Heap after GC invocations=9 (full 3):
 PSYoungGen      total 281088K, used 18918K [0x000000076ab00000, 0x000000077f080000, 0x00000007c0000000)
  eden space 262144K, 0% used [0x000000076ab00000,0x000000076ab00000,0x000000077ab00000)
  from space 18944K, 99% used [0x000000077c280000,0x000000077d4f9a38,0x000000077d500000)
  to   space 24064K, 0% used [0x000000077ab00000,0x000000077ab00000,0x000000077c280000)
 ParOldGen       total 218112K, used 23022K [0x00000006c0000000, 0x00000006cd500000, 0x000000076ab00000)
  object space 218112K, 10% used [0x00000006c0000000,0x00000006c167b970,0x00000006cd500000)
 Metaspace       used 72126K, capacity 77778K, committed 78040K, reserved 1116160K
  class space    used 10391K, capacity 11442K, committed 11520K, reserved 1048576K
}

